commit ced40da8977076599b7a6ea7a73bb281c0f3c5bb
Author: luismella <luismellareyes@gmail.com>
Date:   Sat Dec 4 11:54:46 2021 -0300

    se incopora directorio test y archivo test.log

commit e4c052e6c03e9a4d94d270fac06862a03b801f8f
Author: luismella <luismellareyes@gmail.com>
Date:   Fri Dec 3 17:34:49 2021 -0300

    modif the method de create and object

commit 832fc30cb9fff43d5f4578a0fc51565e6fda3189
Author: luismella <luismellareyes@gmail.com>
Date:   Thu Dec 2 20:27:26 2021 -0300

    modif the method de create and object

commit 3b77dee8574ce264b71938b5f58bfc3bdfacc36b
Author: luismella <luismellareyes@gmail.com>
Date:   Thu Dec 2 19:16:22 2021 -0300

    endpoint de create

commit dde5c4a23d629d89de5ab17b317a72e745385a99
Author: luismella <luismellareyes@gmail.com>
Date:   Thu Dec 2 17:45:58 2021 -0300

    a
